  main.cpp
c:\users\user\desktop\computer graphics\assignment2\as02_mydemo\110062619_hw2\openglframework-vs2017\main.cpp(27): warning C4305: '正在初始化': 從 'double' 轉換為 'float'，是由較大的類型轉換為較小的類型，可能導致資料遺失
c:\users\user\desktop\computer graphics\assignment2\as02_mydemo\110062619_hw2\openglframework-vs2017\main.cpp(282): warning C4244: '正在初始化': 將 'double' 轉換為 'float'，由於類型不同，可能導致資料遺失
c:\users\user\desktop\computer graphics\assignment2\as02_mydemo\110062619_hw2\openglframework-vs2017\main.cpp(435): warning C4244: '=': 將 'uint64_t' 轉換為 'int'，由於類型不同，可能導致資料遺失
c:\users\user\desktop\computer graphics\assignment2\as02_mydemo\110062619_hw2\openglframework-vs2017\main.cpp(472): warning C4305: '正在初始化': 從 'double' 轉換為 'float'，是由較大的類型轉換為較小的類型，可能導致資料遺失
c:\users\user\desktop\computer graphics\assignment2\as02_mydemo\110062619_hw2\openglframework-vs2017\main.cpp(473): warning C4305: '正在初始化': 從 'double' 轉換為 'float'，是由較大的類型轉換為較小的類型，可能導致資料遺失
c:\users\user\desktop\computer graphics\assignment2\as02_mydemo\110062619_hw2\openglframework-vs2017\main.cpp(474): warning C4305: '正在初始化': 從 'double' 轉換為 'float'，是由較大的類型轉換為較小的類型，可能導致資料遺失
c:\users\user\desktop\computer graphics\assignment2\as02_mydemo\110062619_hw2\openglframework-vs2017\main.cpp(477): warning C4305: '正在初始化': 從 'double' 轉換為 'float'，是由較大的類型轉換為較小的類型，可能導致資料遺失
c:\users\user\desktop\computer graphics\assignment2\as02_mydemo\110062619_hw2\openglframework-vs2017\main.cpp(482): warning C4244: '+=': 將 'double' 轉換為 'float'，由於類型不同，可能導致資料遺失
c:\users\user\desktop\computer graphics\assignment2\as02_mydemo\110062619_hw2\openglframework-vs2017\main.cpp(486): warning C4244: '+=': 將 'double' 轉換為 'float'，由於類型不同，可能導致資料遺失
c:\users\user\desktop\computer graphics\assignment2\as02_mydemo\110062619_hw2\openglframework-vs2017\main.cpp(490): warning C4244: '+=': 將 'double' 轉換為 'float'，由於類型不同，可能導致資料遺失
c:\users\user\desktop\computer graphics\assignment2\as02_mydemo\110062619_hw2\openglframework-vs2017\main.cpp(494): warning C4244: '=': 將 'double' 轉換為 'GLfloat'，由於類型不同，可能導致資料遺失
c:\users\user\desktop\computer graphics\assignment2\as02_mydemo\110062619_hw2\openglframework-vs2017\main.cpp(499): warning C4244: '+=': 將 'double' 轉換為 'float'，由於類型不同，可能導致資料遺失
c:\users\user\desktop\computer graphics\assignment2\as02_mydemo\110062619_hw2\openglframework-vs2017\main.cpp(501): warning C4244: '引數': 將 'double' 轉換為 'float'，由於類型不同，可能導致資料遺失
c:\users\user\desktop\computer graphics\assignment2\as02_mydemo\110062619_hw2\openglframework-vs2017\main.cpp(503): warning C4244: '引數': 將 'double' 轉換為 'float'，由於類型不同，可能導致資料遺失
c:\users\user\desktop\computer graphics\assignment2\as02_mydemo\110062619_hw2\openglframework-vs2017\main.cpp(530): warning C4244: '=': 將 'double' 轉換為 'int'，由於類型不同，可能導致資料遺失
c:\users\user\desktop\computer graphics\assignment2\as02_mydemo\110062619_hw2\openglframework-vs2017\main.cpp(531): warning C4244: '=': 將 'double' 轉換為 'int'，由於類型不同，可能導致資料遺失
c:\users\user\desktop\computer graphics\assignment2\as02_mydemo\110062619_hw2\openglframework-vs2017\main.cpp(535): warning C4244: '正在初始化': 將 'double' 轉換為 'int'，由於類型不同，可能導致資料遺失
c:\users\user\desktop\computer graphics\assignment2\as02_mydemo\110062619_hw2\openglframework-vs2017\main.cpp(536): warning C4244: '正在初始化': 將 'double' 轉換為 'int'，由於類型不同，可能導致資料遺失
c:\users\user\desktop\computer graphics\assignment2\as02_mydemo\110062619_hw2\openglframework-vs2017\main.cpp(538): warning C4305: '正在初始化': 從 'double' 轉換為 'float'，是由較大的類型轉換為較小的類型，可能導致資料遺失
c:\users\user\desktop\computer graphics\assignment2\as02_mydemo\110062619_hw2\openglframework-vs2017\main.cpp(539): warning C4305: '正在初始化': 從 'double' 轉換為 'float'，是由較大的類型轉換為較小的類型，可能導致資料遺失
c:\users\user\desktop\computer graphics\assignment2\as02_mydemo\110062619_hw2\openglframework-vs2017\main.cpp(540): warning C4305: '正在初始化': 從 'double' 轉換為 'float'，是由較大的類型轉換為較小的類型，可能導致資料遺失
c:\users\user\desktop\computer graphics\assignment2\as02_mydemo\110062619_hw2\openglframework-vs2017\main.cpp(541): warning C4305: '正在初始化': 從 'double' 轉換為 'float'，是由較大的類型轉換為較小的類型，可能導致資料遺失
c:\users\user\desktop\computer graphics\assignment2\as02_mydemo\110062619_hw2\openglframework-vs2017\main.cpp(556): warning C4244: '+=': 將 'double' 轉換為 'float'，由於類型不同，可能導致資料遺失
c:\users\user\desktop\computer graphics\assignment2\as02_mydemo\110062619_hw2\openglframework-vs2017\main.cpp(557): warning C4244: '-=': 將 'double' 轉換為 'float'，由於類型不同，可能導致資料遺失
c:\users\user\desktop\computer graphics\assignment2\as02_mydemo\110062619_hw2\openglframework-vs2017\main.cpp(566): warning C4244: '=': 將 'double' 轉換為 'int'，由於類型不同，可能導致資料遺失
c:\users\user\desktop\computer graphics\assignment2\as02_mydemo\110062619_hw2\openglframework-vs2017\main.cpp(567): warning C4244: '=': 將 'double' 轉換為 'int'，由於類型不同，可能導致資料遺失
c:\users\user\desktop\computer graphics\assignment2\as02_mydemo\110062619_hw2\openglframework-vs2017\main.cpp(924): warning C4267: '=': 將 'size_t' 轉換為 'int'，資料可能遺失
c:\users\user\desktop\computer graphics\assignment2\as02_mydemo\110062619_hw2\openglframework-vs2017\main.cpp(957): warning C4305: '=': 從 'double' 轉換為 'GLfloat'，是由較大的類型轉換為較小的類型，可能導致資料遺失
c:\users\user\desktop\computer graphics\assignment2\as02_mydemo\110062619_hw2\openglframework-vs2017\main.cpp(981): warning C4305: '=': 從 'double' 轉換為 'float'，是由較大的類型轉換為較小的類型，可能導致資料遺失
c:\users\user\desktop\computer graphics\assignment2\as02_mydemo\110062619_hw2\openglframework-vs2017\main.cpp(982): warning C4305: '=': 從 'double' 轉換為 'float'，是由較大的類型轉換為較小的類型，可能導致資料遺失
c:\users\user\desktop\computer graphics\assignment2\as02_mydemo\110062619_hw2\openglframework-vs2017\main.cpp(991): warning C4305: '=': 從 'double' 轉換為 'float'，是由較大的類型轉換為較小的類型，可能導致資料遺失
c:\users\user\desktop\computer graphics\assignment2\as02_mydemo\110062619_hw2\openglframework-vs2017\main.cpp(993): warning C4305: '=': 從 'double' 轉換為 'float'，是由較大的類型轉換為較小的類型，可能導致資料遺失
c:\users\user\desktop\computer graphics\assignment2\as02_mydemo\110062619_hw2\openglframework-vs2017\main.cpp(1004): warning C4305: '引數': 從 'double' 轉換為 'GLfloat'，是由較大的類型轉換為較小的類型，可能導致資料遺失
  OpenGLFramework-VS2017.vcxproj -> C:\Users\User\Desktop\Computer Graphics\Assignment2\AS02_MyDemo\110062619_HW2\x64\Debug\OpenGLFramework-VS2017.exe
